2023-02-06 13:13:45,809 - mmcls - INFO - Environment info:
------------------------------------------------------------
sys.platform: win32
Python: 3.10.9 | packaged by conda-forge | (main, Jan 11 2023, 15:15:40) [MSC v.1916 64 bit (AMD64)]
CUDA available: False
MSVC: 用于 x64 的 Microsoft (R) C/C++ 优化编译器 19.34.31937 版
GCC: n/a
PyTorch: 1.13.1
PyTorch compiling details: PyTorch built with:
  - C++ Version: 199711
  - MSVC 192829337
  - Intel(R) Math Kernel Library Version 2020.0.2 Product Build 20200624 for Intel(R) 64 architecture applications
  - Intel(R) MKL-DNN v2.6.0 (Git Hash 52b5f107dd9cf10910aaa19cb47f3abf9b349815)
  - OpenMP 2019
  - LAPACK is enabled (usually provided by MKL)
  - CPU capability usage: AVX2
  - Build settings: BLAS_INFO=mkl, BUILD_TYPE=Release, CXX_COMPILER=C:/cb/pytorch_1000000000000/work/tmp_bin/sccache-cl.exe, CXX_FLAGS=/DWIN32 /D_WINDOWS /GR /EHsc /w /bigobj -DUSE_PTHREADPOOL -openmp:experimental -IC:/cb/pytorch_1000000000000/work/mkl/include -DNDEBUG -DUSE_KINETO -DLIBKINETO_NOCUPTI -DUSE_FBGEMM -DUSE_XNNPACK -DSYMBOLICATE_MOBILE_DEBUG_HANDLE -DEDGE_PROFILER_USE_KINETO, LAPACK_INFO=mkl, PERF_WITH_AVX=1, PERF_WITH_AVX2=1, PERF_WITH_AVX512=1, TORCH_VERSION=1.13.1, USE_CUDA=0, USE_CUDNN=OFF, USE_EXCEPTION_PTR=1, USE_GFLAGS=OFF, USE_GLOG=OFF, USE_MKL=ON, USE_MKLDNN=ON, USE_MPI=OFF, USE_NCCL=OFF, USE_NNPACK=OFF, USE_OPENMP=ON, USE_ROCM=OFF, 

TorchVision: 0.14.1
OpenCV: 4.7.0
MMCV: 1.7.1
MMCV Compiler: MSVC 192829924
MMCV CUDA Compiler: not available
MMClassification: 0.25.0+
------------------------------------------------------------

2023-02-06 13:13:45,810 - mmcls - INFO - Distributed training: False
2023-02-06 13:13:45,984 - mmcls - INFO - Config:
model = dict(
    type='ImageClassifier',
    backbone=dict(type='MobileNetV2', widen_factor=1.0),
    neck=dict(type='GlobalAveragePooling'),
    head=dict(
        type='LinearClsHead',
        num_classes=5,
        in_channels=1280,
        loss=dict(type='CrossEntropyLoss', loss_weight=1.0),
        topk=(1, 5)))
load_from = 'mobilenet_v2_batch256_imagenet_20200708-3b2dc3af.pth'
data = dict(
    samples_per_gpu=32,
    workers_per_gpu=2,
    train=dict(
        type='CustomDataset',
        data_prefix='./data/train',
        pipeline=[
            dict(type='LoadImageFromFile'),
            dict(type='RandomResizedCrop', size=224, backend='pillow'),
            dict(type='RandomFlip', flip_prob=0.5, direction='horizontal'),
            dict(
                type='Normalize',
                mean=[123.675, 116.28, 103.53],
                std=[58.395, 57.12, 57.375],
                to_rgb=True),
            dict(type='ImageToTensor', keys=['img']),
            dict(type='ToTensor', keys=['gt_label']),
            dict(type='Collect', keys=['img', 'gt_label'])
        ]),
    val=dict(
        type='CustomDataset',
        data_prefix='./data/val',
        ann_file='./data/val.txt',
        pipeline=[
            dict(type='LoadImageFromFile'),
            dict(type='Resize', size=(256, -1), backend='pillow'),
            dict(type='CenterCrop', crop_size=224),
            dict(
                type='Normalize',
                mean=[123.675, 116.28, 103.53],
                std=[58.395, 57.12, 57.375],
                to_rgb=True),
            dict(type='ImageToTensor', keys=['img']),
            dict(type='Collect', keys=['img'])
        ]),
    test=dict(
        type='CustomDataset',
        data_prefix='./data/val',
        ann_file='./data/val.txt',
        pipeline=[
            dict(type='LoadImageFromFile'),
            dict(type='Resize', size=(256, -1), backend='pillow'),
            dict(type='CenterCrop', crop_size=224),
            dict(
                type='Normalize',
                mean=[123.675, 116.28, 103.53],
                std=[58.395, 57.12, 57.375],
                to_rgb=True),
            dict(type='ImageToTensor', keys=['img']),
            dict(type='Collect', keys=['img'])
        ]))
evaluation = dict(interval=1, metric='accuracy')
optimizer = dict(type='SGD', lr=0.005, momentum=0.9, weight_decay=4e-05)
optimizer_config = dict(grad_clip=None)
lr_config = dict(policy='step', gamma=0.98, step=1)
runner = dict(type='EpochBasedRunner', max_epochs=5)
checkpoint_config = dict(interval=5)
log_config = dict(interval=10, hooks=[dict(type='TextLoggerHook')])
dist_params = dict(backend='nccl')
log_level = 'INFO'
resume_from = None
workflow = [('train', 1)]
work_dir = 'work-dir'
gpu_ids = [0]

2023-02-06 13:13:45,985 - mmcls - INFO - Set random seed to 1024352408, deterministic: False
2023-02-06 13:13:46,326 - mmcls - INFO - load checkpoint from local path: mobilenet_v2_batch256_imagenet_20200708-3b2dc3af.pth
2023-02-06 13:13:46,388 - mmcls - WARNING - The model and loaded state dict do not match exactly

size mismatch for head.fc.weight: copying a param with shape torch.Size([1000, 1280]) from checkpoint, the shape in current model is torch.Size([5, 1280]).
size mismatch for head.fc.bias: copying a param with shape torch.Size([1000]) from checkpoint, the shape in current model is torch.Size([5]).
2023-02-06 13:13:46,389 - mmcls - INFO - Start running, host: ming11.ni@swxdhc103057, work_dir: E:\Study\OpenMMLab\CodeWork1\work-dir
2023-02-06 13:13:46,390 - mmcls - INFO - Hooks will be executed in the following order:
before_run:
(VERY_HIGH   ) StepLrUpdaterHook                  
(NORMAL      ) CheckpointHook                     
(LOW         ) EvalHook                           
(VERY_LOW    ) TextLoggerHook                     
 -------------------- 
before_train_epoch:
(VERY_HIGH   ) StepLrUpdaterHook                  
(LOW         ) IterTimerHook                      
(LOW         ) EvalHook                           
(VERY_LOW    ) TextLoggerHook                     
 -------------------- 
before_train_iter:
(VERY_HIGH   ) StepLrUpdaterHook                  
(LOW         ) IterTimerHook                      
(LOW         ) EvalHook                           
 -------------------- 
after_train_iter:
(ABOVE_NORMAL) OptimizerHook                      
(NORMAL      ) CheckpointHook                     
(LOW         ) IterTimerHook                      
(LOW         ) EvalHook                           
(VERY_LOW    ) TextLoggerHook                     
 -------------------- 
after_train_epoch:
(NORMAL      ) CheckpointHook                     
(LOW         ) EvalHook                           
(VERY_LOW    ) TextLoggerHook                     
 -------------------- 
before_val_epoch:
(LOW         ) IterTimerHook                      
(VERY_LOW    ) TextLoggerHook                     
 -------------------- 
before_val_iter:
(LOW         ) IterTimerHook                      
 -------------------- 
after_val_iter:
(LOW         ) IterTimerHook                      
 -------------------- 
after_val_epoch:
(VERY_LOW    ) TextLoggerHook                     
 -------------------- 
after_run:
(VERY_LOW    ) TextLoggerHook                     
 -------------------- 
2023-02-06 13:13:46,390 - mmcls - INFO - workflow: [('train', 1)], max: 5 epochs
2023-02-06 13:13:46,390 - mmcls - INFO - Checkpoints will be saved to E:\Study\OpenMMLab\CodeWork1\work-dir by HardDiskBackend.
2023-02-06 13:14:47,261 - mmcls - INFO - Epoch [1][10/72]	lr: 5.000e-03, eta: 0:35:29, time: 6.084, data_time: 1.020, loss: 1.2055
2023-02-06 13:15:31,921 - mmcls - INFO - Epoch [1][20/72]	lr: 5.000e-03, eta: 0:29:53, time: 4.468, data_time: 0.007, loss: 0.4033
2023-02-06 13:16:18,164 - mmcls - INFO - Epoch [1][30/72]	lr: 5.000e-03, eta: 0:27:49, time: 4.624, data_time: 0.004, loss: 0.5134
2023-02-06 13:17:04,269 - mmcls - INFO - Epoch [1][40/72]	lr: 5.000e-03, eta: 0:26:22, time: 4.610, data_time: 0.004, loss: 0.4379
2023-02-06 13:17:48,368 - mmcls - INFO - Epoch [1][50/72]	lr: 5.000e-03, eta: 0:25:00, time: 4.410, data_time: 0.004, loss: 0.4783
2023-02-06 13:18:31,999 - mmcls - INFO - Epoch [1][60/72]	lr: 5.000e-03, eta: 0:23:48, time: 4.363, data_time: 0.005, loss: 0.4902
2023-02-06 13:19:15,492 - mmcls - INFO - Epoch [1][70/72]	lr: 5.000e-03, eta: 0:22:43, time: 4.349, data_time: 0.006, loss: 0.4533
