2023-02-09 01:07:24,080 - mmdet - INFO - Environment info:
------------------------------------------------------------
sys.platform: darwin
Python: 3.10.9 (main, Jan 11 2023, 09:18:20) [Clang 14.0.6 ]
CUDA available: False
GCC: Apple clang version 14.0.0 (clang-1400.0.29.202)
PyTorch: 2.0.0.dev20230204
PyTorch compiling details: PyTorch built with:
  - GCC 4.2
  - C++ Version: 201703
  - clang 13.1.6
  - Intel(R) oneAPI Math Kernel Library Version 2021.4-Product Build 20210904 for Intel(R) 64 architecture applications
  - Intel(R) MKL-DNN v2.7.3 (Git Hash 6dbeffbae1f23cbbeae17adb7b5b13f1f37c080e)
  - OpenMP 201811
  - LAPACK is enabled (usually provided by MKL)
  - NNPACK is enabled
  - CPU capability usage: NO AVX
  - Build settings: BLAS_INFO=mkl, BUILD_TYPE=Release, CXX_COMPILER=/Applications/Xcode_13.3.1.app/Contents/Developer/Toolchains/XcodeDefault.xctoolchain/usr/bin/clang++, CXX_FLAGS= -Wno-deprecated -fvisibility-inlines-hidden -Wno-deprecated-declarations -DUSE_PTHREADPOOL -Xpreprocessor -fopenmp -I/Users/runner/work/_temp/anaconda/conda-bld/pytorch_1675498127817/_h_env_placehold_placehold_placehold_placehold_placehold_placehold_placehold_placehold_placehold_placehold_placehold_placehold_placehold_placehold_placehold_placehold_placehold_placehold_pl/include -DNDEBUG -DUSE_KINETO -DLIBKINETO_NOCUPTI -DLIBKINETO_NOROCTRACER -DUSE_FBGEMM -DUSE_QNNPACK -DUSE_PYTORCH_QNNPACK -DUSE_XNNPACK -DUSE_PYTORCH_METAL_EXPORT -DSYMBOLICATE_MOBILE_DEBUG_HANDLE -DUSE_COREML_DELEGATE -O2 -fPIC -Wall -Wextra -Werror=return-type -Werror=non-virtual-dtor -Werror=braced-scalar-init -Werror=range-loop-construct -Werror=bool-operation -Winconsistent-missing-override -Wnarrowing -Wno-missing-field-initializers -Wno-type-limits -Wno-array-bounds -Wno-unknown-pragmas -Wunused-local-typedefs -Wno-unused-parameter -Wno-unused-function -Wno-unused-result -Wno-strict-overflow -Wno-strict-aliasing -Wno-error=deprecated-declarations -Wvla-extension -Wno-range-loop-analysis -Wno-pass-failed -Wsuggest-override -Wno-error=pedantic -Wno-error=redundant-decls -Wno-error=old-style-cast -Wconstant-conversion -Wno-invalid-partial-specialization -Wno-typedef-redefinition -Wno-unused-private-field -Wno-inconsistent-missing-override -Wno-constexpr-not-const -Wno-missing-braces -Wunused-lambda-capture -Wunused-local-typedef -Qunused-arguments -fcolor-diagnostics -fdiagnostics-color=always -fno-math-errno -fno-trapping-math -Werror=format -Werror=cast-function-type -DUSE_MPS -fno-objc-arc -Wno-unguarded-availability-new -Wno-unused-private-field -Wno-missing-braces -Wno-constexpr-not-const, LAPACK_INFO=mkl, PERF_WITH_AVX512=1, TORCH_DISABLE_GPU_ASSERTS=OFF, TORCH_VERSION=2.0.0, USE_CUDA=0, USE_CUDNN=OFF, USE_EXCEPTION_PTR=1, USE_GFLAGS=OFF, USE_GLOG=OFF, USE_MKL=ON, USE_MKLDNN=ON, USE_MPI=OFF, USE_NCCL=OFF, USE_NNPACK=ON, USE_OPENMP=ON, USE_ROCM=OFF, 

TorchVision: 0.15.0.dev20230204
OpenCV: 4.7.0
MMCV: 1.7.1
MMCV Compiler: clang 13.1.6
MMCV CUDA Compiler: not available
MMDetection: 2.28.1+7c583f9
------------------------------------------------------------

2023-02-09 01:07:24,305 - mmdet - INFO - Distributed training: False
2023-02-09 01:07:24,513 - mmdet - INFO - Config:
model = dict(
    type='MaskRCNN',
    backbone=dict(
        type='ResNet',
        depth=50,
        num_stages=4,
        out_indices=(0, 1, 2, 3),
        frozen_stages=1,
        norm_cfg=dict(type='BN', requires_grad=True),
        norm_eval=True,
        style='pytorch',
        init_cfg=dict(type='Pretrained', checkpoint='torchvision://resnet50')),
    neck=dict(
        type='FPN',
        in_channels=[256, 512, 1024, 2048],
        out_channels=256,
        num_outs=5),
    rpn_head=dict(
        type='RPNHead',
        in_channels=256,
        feat_channels=256,
        anchor_generator=dict(
            type='AnchorGenerator',
            scales=[8],
            ratios=[0.5, 1.0, 2.0],
            strides=[4, 8, 16, 32, 64]),
        bbox_coder=dict(
            type='DeltaXYWHBBoxCoder',
            target_means=[0.0, 0.0, 0.0, 0.0],
            target_stds=[1.0, 1.0, 1.0, 1.0]),
        loss_cls=dict(
            type='CrossEntropyLoss', use_sigmoid=True, loss_weight=1.0),
        loss_bbox=dict(type='L1Loss', loss_weight=1.0)),
    roi_head=dict(
        type='StandardRoIHead',
        bbox_roi_extractor=dict(
            type='SingleRoIExtractor',
            roi_layer=dict(type='RoIAlign', output_size=7, sampling_ratio=0),
            out_channels=256,
            featmap_strides=[4, 8, 16, 32]),
        bbox_head=dict(
            type='Shared2FCBBoxHead',
            in_channels=256,
            fc_out_channels=1024,
            roi_feat_size=7,
            num_classes=1,
            bbox_coder=dict(
                type='DeltaXYWHBBoxCoder',
                target_means=[0.0, 0.0, 0.0, 0.0],
                target_stds=[0.1, 0.1, 0.2, 0.2]),
            reg_class_agnostic=False,
            loss_cls=dict(
                type='CrossEntropyLoss', use_sigmoid=False, loss_weight=1.0),
            loss_bbox=dict(type='L1Loss', loss_weight=1.0)),
        mask_roi_extractor=dict(
            type='SingleRoIExtractor',
            roi_layer=dict(type='RoIAlign', output_size=14, sampling_ratio=0),
            out_channels=256,
            featmap_strides=[4, 8, 16, 32]),
        mask_head=dict(
            type='FCNMaskHead',
            num_convs=4,
            in_channels=256,
            conv_out_channels=256,
            num_classes=1,
            loss_mask=dict(
                type='CrossEntropyLoss', use_mask=True, loss_weight=1.0))),
    train_cfg=dict(
        rpn=dict(
            assigner=dict(
                type='MaxIoUAssigner',
                pos_iou_thr=0.7,
                neg_iou_thr=0.3,
                min_pos_iou=0.3,
                match_low_quality=True,
                ignore_iof_thr=-1),
            sampler=dict(
                type='RandomSampler',
                num=256,
                pos_fraction=0.5,
                neg_pos_ub=-1,
                add_gt_as_proposals=False),
            allowed_border=-1,
            pos_weight=-1,
            debug=False),
        rpn_proposal=dict(
            nms_pre=2000,
            max_per_img=1000,
            nms=dict(type='nms', iou_threshold=0.7),
            min_bbox_size=0),
        rcnn=dict(
            assigner=dict(
                type='MaxIoUAssigner',
                pos_iou_thr=0.5,
                neg_iou_thr=0.5,
                min_pos_iou=0.5,
                match_low_quality=True,
                ignore_iof_thr=-1),
            sampler=dict(
                type='RandomSampler',
                num=512,
                pos_fraction=0.25,
                neg_pos_ub=-1,
                add_gt_as_proposals=True),
            mask_size=28,
            pos_weight=-1,
            debug=False)),
    test_cfg=dict(
        rpn=dict(
            nms_pre=1000,
            max_per_img=1000,
            nms=dict(type='nms', iou_threshold=0.7),
            min_bbox_size=0),
        rcnn=dict(
            score_thr=0.05,
            nms=dict(type='nms', iou_threshold=0.5),
            max_per_img=100,
            mask_thr_binary=0.5)))
dataset_type = 'CocoDataset'
data_root = 'data/balloon/'
img_norm_cfg = dict(
    mean=[123.675, 116.28, 103.53], std=[58.395, 57.12, 57.375], to_rgb=True)
train_pipeline = [
    dict(type='LoadImageFromFile'),
    dict(type='LoadAnnotations', with_bbox=True, with_mask=True),
    dict(type='Resize', img_scale=(1333, 800), keep_ratio=True),
    dict(type='RandomFlip', flip_ratio=0.5),
    dict(
        type='Normalize',
        mean=[123.675, 116.28, 103.53],
        std=[58.395, 57.12, 57.375],
        to_rgb=True),
    dict(type='Pad', size_divisor=32),
    dict(type='DefaultFormatBundle'),
    dict(type='Collect', keys=['img', 'gt_bboxes', 'gt_labels', 'gt_masks'])
]
test_pipeline = [
    dict(type='LoadImageFromFile'),
    dict(
        type='MultiScaleFlipAug',
        img_scale=(1333, 800),
        flip=False,
        transforms=[
            dict(type='Resize', keep_ratio=True),
            dict(type='RandomFlip'),
            dict(
                type='Normalize',
                mean=[123.675, 116.28, 103.53],
                std=[58.395, 57.12, 57.375],
                to_rgb=True),
            dict(type='Pad', size_divisor=32),
            dict(type='ImageToTensor', keys=['img']),
            dict(type='Collect', keys=['img'])
        ])
]
data = dict(
    samples_per_gpu=2,
    workers_per_gpu=2,
    train=dict(
        type='CocoDataset',
        ann_file='data/balloon/annotations/train/train.json',
        img_prefix='data/balloon/train',
        classes=('balloon', ),
        pipeline=[
            dict(type='LoadImageFromFile'),
            dict(type='LoadAnnotations', with_bbox=True, with_mask=True),
            dict(type='Resize', img_scale=(1333, 800), keep_ratio=True),
            dict(type='RandomFlip', flip_ratio=0.5),
            dict(
                type='Normalize',
                mean=[123.675, 116.28, 103.53],
                std=[58.395, 57.12, 57.375],
                to_rgb=True),
            dict(type='Pad', size_divisor=32),
            dict(type='DefaultFormatBundle'),
            dict(
                type='Collect',
                keys=['img', 'gt_bboxes', 'gt_labels', 'gt_masks'])
        ]),
    val=dict(
        type='CocoDataset',
        ann_file='data/balloon/annotations/val/val.json',
        img_prefix='data/balloon/val',
        classes=('balloon', ),
        pipeline=[
            dict(type='LoadImageFromFile'),
            dict(
                type='MultiScaleFlipAug',
                img_scale=(1333, 800),
                flip=False,
                transforms=[
                    dict(type='Resize', keep_ratio=True),
                    dict(type='RandomFlip'),
                    dict(
                        type='Normalize',
                        mean=[123.675, 116.28, 103.53],
                        std=[58.395, 57.12, 57.375],
                        to_rgb=True),
                    dict(type='Pad', size_divisor=32),
                    dict(type='ImageToTensor', keys=['img']),
                    dict(type='Collect', keys=['img'])
                ])
        ]),
    test=dict(
        type='CocoDataset',
        ann_file='data/balloon/annotations/val/val.json',
        img_prefix='data/balloon/val',
        classes=('balloon', ),
        pipeline=[
            dict(type='LoadImageFromFile'),
            dict(
                type='MultiScaleFlipAug',
                img_scale=(1333, 800),
                flip=False,
                transforms=[
                    dict(type='Resize', keep_ratio=True),
                    dict(type='RandomFlip'),
                    dict(
                        type='Normalize',
                        mean=[123.675, 116.28, 103.53],
                        std=[58.395, 57.12, 57.375],
                        to_rgb=True),
                    dict(type='Pad', size_divisor=32),
                    dict(type='ImageToTensor', keys=['img']),
                    dict(type='Collect', keys=['img'])
                ])
        ]))
evaluation = dict(metric=['bbox', 'segm'])
optimizer = dict(type='SGD', lr=0.0025, momentum=0.9, weight_decay=0.0001)
optimizer_config = dict(grad_clip=None)
lr_config = dict(
    policy='step',
    warmup='linear',
    warmup_iters=500,
    warmup_ratio=0.001,
    step=[16, 22])
runner = dict(type='EpochBasedRunner', max_epochs=10)
checkpoint_config = dict(interval=5)
log_config = dict(interval=10, hooks=[dict(type='TextLoggerHook')])
custom_hooks = [dict(type='NumClassCheckHook')]
dist_params = dict(backend='nccl')
log_level = 'INFO'
load_from = 'mask_rcnn_r50_fpn_mstrain-poly_3x_coco_20210524_201154-21b550bb.pth'
resume_from = None
workflow = [('train', 1)]
opencv_num_threads = 0
mp_start_method = 'fork'
auto_scale_lr = dict(enable=False, base_batch_size=16)
work_dir = './work_dirs/balloon'
auto_resume = False
gpu_ids = range(0, 1)

2023-02-09 01:07:24,514 - mmdet - INFO - Set random seed to 844041621, deterministic: False
2023-02-09 01:07:25,094 - mmdet - INFO - Automatic scaling of learning rate (LR) has been disabled.
2023-02-09 01:07:25,099 - mmdet - INFO - load checkpoint from local path: mask_rcnn_r50_fpn_mstrain-poly_3x_coco_20210524_201154-21b550bb.pth
2023-02-09 01:07:25,484 - mmdet - WARNING - The model and loaded state dict do not match exactly

size mismatch for roi_head.bbox_head.fc_cls.weight: copying a param with shape torch.Size([81, 1024]) from checkpoint, the shape in current model is torch.Size([2, 1024]).
size mismatch for roi_head.bbox_head.fc_cls.bias: copying a param with shape torch.Size([81]) from checkpoint, the shape in current model is torch.Size([2]).
size mismatch for roi_head.bbox_head.fc_reg.weight: copying a param with shape torch.Size([320, 1024]) from checkpoint, the shape in current model is torch.Size([4, 1024]).
size mismatch for roi_head.bbox_head.fc_reg.bias: copying a param with shape torch.Size([320]) from checkpoint, the shape in current model is torch.Size([4]).
size mismatch for roi_head.mask_head.conv_logits.weight: copying a param with shape torch.Size([80, 256, 1, 1]) from checkpoint, the shape in current model is torch.Size([1, 256, 1, 1]).
size mismatch for roi_head.mask_head.conv_logits.bias: copying a param with shape torch.Size([80]) from checkpoint, the shape in current model is torch.Size([1]).
2023-02-09 01:07:25,485 - mmdet - INFO - Start running, host: tango@IT-Worker-2.local, work_dir: /Volumes/ML_Work/OpenMMLab/OpenMMLab_WorkShop/CodeWork_Day2/work_dirs/balloon
2023-02-09 01:07:25,485 - mmdet - INFO - Hooks will be executed in the following order:
before_run:
(VERY_HIGH   ) StepLrUpdaterHook                  
(NORMAL      ) CheckpointHook                     
(LOW         ) EvalHook                           
(VERY_LOW    ) TextLoggerHook                     
 -------------------- 
before_train_epoch:
(VERY_HIGH   ) StepLrUpdaterHook                  
(NORMAL      ) NumClassCheckHook                  
(LOW         ) IterTimerHook                      
(LOW         ) EvalHook                           
(VERY_LOW    ) TextLoggerHook                     
 -------------------- 
before_train_iter:
(VERY_HIGH   ) StepLrUpdaterHook                  
(LOW         ) IterTimerHook                      
(LOW         ) EvalHook                           
 -------------------- 
after_train_iter:
(ABOVE_NORMAL) OptimizerHook                      
(NORMAL      ) CheckpointHook                     
(LOW         ) IterTimerHook                      
(LOW         ) EvalHook                           
(VERY_LOW    ) TextLoggerHook                     
 -------------------- 
after_train_epoch:
(NORMAL      ) CheckpointHook                     
(LOW         ) EvalHook                           
(VERY_LOW    ) TextLoggerHook                     
 -------------------- 
before_val_epoch:
(NORMAL      ) NumClassCheckHook                  
(LOW         ) IterTimerHook                      
(VERY_LOW    ) TextLoggerHook                     
 -------------------- 
before_val_iter:
(LOW         ) IterTimerHook                      
 -------------------- 
after_val_iter:
(LOW         ) IterTimerHook                      
 -------------------- 
after_val_epoch:
(VERY_LOW    ) TextLoggerHook                     
 -------------------- 
after_run:
(VERY_LOW    ) TextLoggerHook                     
 -------------------- 
2023-02-09 01:07:25,486 - mmdet - INFO - workflow: [('train', 1)], max: 10 epochs
2023-02-09 01:07:25,486 - mmdet - INFO - Checkpoints will be saved to /Volumes/ML_Work/OpenMMLab/OpenMMLab_WorkShop/CodeWork_Day2/work_dirs/balloon by HardDiskBackend.
2023-02-09 01:11:33,158 - mmdet - INFO - Epoch [1][10/31]	lr: 4.746e-05, eta: 2:03:49, time: 24.766, data_time: 0.315, loss_rpn_cls: 0.0585, loss_rpn_bbox: 0.0182, loss_cls: 0.6156, acc: 75.2930, loss_bbox: 0.3779, loss_mask: 7.3677, loss: 8.4378
2023-02-09 01:15:29,884 - mmdet - INFO - Epoch [1][20/31]	lr: 9.741e-05, eta: 1:57:03, time: 23.673, data_time: 0.014, loss_rpn_cls: 0.0533, loss_rpn_bbox: 0.0110, loss_cls: 0.4726, acc: 92.4609, loss_bbox: 0.2389, loss_mask: 2.0039, loss: 2.7796
2023-02-09 01:19:18,251 - mmdet - INFO - Epoch [1][30/31]	lr: 1.474e-04, eta: 1:50:52, time: 22.837, data_time: 0.016, loss_rpn_cls: 0.0616, loss_rpn_bbox: 0.0193, loss_cls: 0.3305, acc: 91.8750, loss_bbox: 0.2932, loss_mask: 0.3019, loss: 1.0067
2023-02-09 01:20:43,836 - mmdet - INFO - Evaluating bbox...
2023-02-09 01:20:43,947 - mmdet - INFO - 
 Average Precision  (AP) @[ IoU=0.50:0.95 | area=   all | maxDets=100 ] = 0.040
 Average Precision  (AP) @[ IoU=0.50      | area=   all | maxDets=1000 ] = 0.066
 Average Precision  (AP) @[ IoU=0.75      | area=   all | maxDets=1000 ] = 0.038
 Average Precision  (AP) @[ IoU=0.50:0.95 | area= small | maxDets=1000 ] = 0.000
 Average Precision  (AP) @[ IoU=0.50:0.95 | area=medium | maxDets=1000 ] = 0.021
 Average Precision  (AP) @[ IoU=0.50:0.95 | area= large | maxDets=1000 ] = 0.055
 Average Recall     (AR) @[ IoU=0.50:0.95 | area=   all | maxDets=100 ] = 0.544
 Average Recall     (AR) @[ IoU=0.50:0.95 | area=   all | maxDets=300 ] = 0.544
 Average Recall     (AR) @[ IoU=0.50:0.95 | area=   all | maxDets=1000 ] = 0.544
 Average Recall     (AR) @[ IoU=0.50:0.95 | area= small | maxDets=1000 ] = 0.000
 Average Recall     (AR) @[ IoU=0.50:0.95 | area=medium | maxDets=1000 ] = 0.375
 Average Recall     (AR) @[ IoU=0.50:0.95 | area= large | maxDets=1000 ] = 0.631

2023-02-09 01:20:43,948 - mmdet - INFO - Evaluating segm...
2023-02-09 01:20:44,085 - mmdet - INFO - 
 Average Precision  (AP) @[ IoU=0.50:0.95 | area=   all | maxDets=100 ] = 0.060
 Average Precision  (AP) @[ IoU=0.50      | area=   all | maxDets=1000 ] = 0.080
 Average Precision  (AP) @[ IoU=0.75      | area=   all | maxDets=1000 ] = 0.066
 Average Precision  (AP) @[ IoU=0.50:0.95 | area= small | maxDets=1000 ] = 0.003
 Average Precision  (AP) @[ IoU=0.50:0.95 | area=medium | maxDets=1000 ] = 0.017
 Average Precision  (AP) @[ IoU=0.50:0.95 | area= large | maxDets=1000 ] = 0.169
 Average Recall     (AR) @[ IoU=0.50:0.95 | area=   all | maxDets=100 ] = 0.676
 Average Recall     (AR) @[ IoU=0.50:0.95 | area=   all | maxDets=300 ] = 0.676
 Average Recall     (AR) @[ IoU=0.50:0.95 | area=   all | maxDets=1000 ] = 0.676
 Average Recall     (AR) @[ IoU=0.50:0.95 | area= small | maxDets=1000 ] = 0.250
 Average Recall     (AR) @[ IoU=0.50:0.95 | area=medium | maxDets=1000 ] = 0.467
 Average Recall     (AR) @[ IoU=0.50:0.95 | area= large | maxDets=1000 ] = 0.769

2023-02-09 01:20:44,087 - mmdet - INFO - Exp name: balloon.py
2023-02-09 01:20:44,087 - mmdet - INFO - Epoch(val) [1][13]	bbox_mAP: 0.0401, bbox_mAP_50: 0.0658, bbox_mAP_75: 0.0381, bbox_mAP_s: 0.0000, bbox_mAP_m: 0.0209, bbox_mAP_l: 0.0549, bbox_mAP_copypaste: 0.0401 0.0658 0.0381 0.0000 0.0209 0.0549, segm_mAP: 0.0597, segm_mAP_50: 0.0796, segm_mAP_75: 0.0660, segm_mAP_s: 0.0027, segm_mAP_m: 0.0173, segm_mAP_l: 0.1687, segm_mAP_copypaste: 0.0597 0.0796 0.0660 0.0027 0.0173 0.1687
2023-02-09 01:24:42,858 - mmdet - INFO - Epoch [2][10/31]	lr: 2.023e-04, eta: 1:44:02, time: 23.875, data_time: 0.245, loss_rpn_cls: 0.0434, loss_rpn_bbox: 0.0191, loss_cls: 0.2742, acc: 90.3223, loss_bbox: 0.3460, loss_mask: 0.2527, loss: 0.9354
2023-02-09 01:28:27,063 - mmdet - INFO - Epoch [2][20/31]	lr: 2.522e-04, eta: 1:39:30, time: 22.421, data_time: 0.013, loss_rpn_cls: 0.0219, loss_rpn_bbox: 0.0096, loss_cls: 0.2079, acc: 92.7637, loss_bbox: 0.2701, loss_mask: 0.1444, loss: 0.6539
2023-02-09 01:32:27,595 - mmdet - INFO - Epoch [2][30/31]	lr: 3.022e-04, eta: 1:36:21, time: 24.053, data_time: 0.017, loss_rpn_cls: 0.0357, loss_rpn_bbox: 0.0169, loss_cls: 0.2590, acc: 88.5840, loss_bbox: 0.4088, loss_mask: 0.1503, loss: 0.8707
2023-02-09 01:33:52,224 - mmdet - INFO - Evaluating bbox...
2023-02-09 01:33:52,322 - mmdet - INFO - 
 Average Precision  (AP) @[ IoU=0.50:0.95 | area=   all | maxDets=100 ] = 0.429
 Average Precision  (AP) @[ IoU=0.50      | area=   all | maxDets=1000 ] = 0.560
 Average Precision  (AP) @[ IoU=0.75      | area=   all | maxDets=1000 ] = 0.515
 Average Precision  (AP) @[ IoU=0.50:0.95 | area= small | maxDets=1000 ] = 0.000
 Average Precision  (AP) @[ IoU=0.50:0.95 | area=medium | maxDets=1000 ] = 0.255
 Average Precision  (AP) @[ IoU=0.50:0.95 | area= large | maxDets=1000 ] = 0.518
 Average Recall     (AR) @[ IoU=0.50:0.95 | area=   all | maxDets=100 ] = 0.690
 Average Recall     (AR) @[ IoU=0.50:0.95 | area=   all | maxDets=300 ] = 0.690
 Average Recall     (AR) @[ IoU=0.50:0.95 | area=   all | maxDets=1000 ] = 0.690
 Average Recall     (AR) @[ IoU=0.50:0.95 | area= small | maxDets=1000 ] = 0.000
 Average Recall     (AR) @[ IoU=0.50:0.95 | area=medium | maxDets=1000 ] = 0.608
 Average Recall     (AR) @[ IoU=0.50:0.95 | area= large | maxDets=1000 ] = 0.756

2023-02-09 01:33:52,322 - mmdet - INFO - Evaluating segm...
2023-02-09 01:33:52,441 - mmdet - INFO - 
 Average Precision  (AP) @[ IoU=0.50:0.95 | area=   all | maxDets=100 ] = 0.497
 Average Precision  (AP) @[ IoU=0.50      | area=   all | maxDets=1000 ] = 0.560
 Average Precision  (AP) @[ IoU=0.75      | area=   all | maxDets=1000 ] = 0.556
 Average Precision  (AP) @[ IoU=0.50:0.95 | area= small | maxDets=1000 ] = 0.010
 Average Precision  (AP) @[ IoU=0.50:0.95 | area=medium | maxDets=1000 ] = 0.187
 Average Precision  (AP) @[ IoU=0.50:0.95 | area= large | maxDets=1000 ] = 0.651
 Average Recall     (AR) @[ IoU=0.50:0.95 | area=   all | maxDets=100 ] = 0.782
 Average Recall     (AR) @[ IoU=0.50:0.95 | area=   all | maxDets=300 ] = 0.782
 Average Recall     (AR) @[ IoU=0.50:0.95 | area=   all | maxDets=1000 ] = 0.782
 Average Recall     (AR) @[ IoU=0.50:0.95 | area= small | maxDets=1000 ] = 0.200
 Average Recall     (AR) @[ IoU=0.50:0.95 | area=medium | maxDets=1000 ] = 0.683
 Average Recall     (AR) @[ IoU=0.50:0.95 | area= large | maxDets=1000 ] = 0.847

2023-02-09 01:33:52,443 - mmdet - INFO - Exp name: balloon.py
2023-02-09 01:33:52,444 - mmdet - INFO - Epoch(val) [2][13]	bbox_mAP: 0.4294, bbox_mAP_50: 0.5601, bbox_mAP_75: 0.5147, bbox_mAP_s: 0.0000, bbox_mAP_m: 0.2546, bbox_mAP_l: 0.5177, bbox_mAP_copypaste: 0.4294 0.5601 0.5147 0.0000 0.2546 0.5177, segm_mAP: 0.4971, segm_mAP_50: 0.5597, segm_mAP_75: 0.5560, segm_mAP_s: 0.0096, segm_mAP_m: 0.1874, segm_mAP_l: 0.6512, segm_mAP_copypaste: 0.4971 0.5597 0.5560 0.0096 0.1874 0.6512
2023-02-09 01:37:56,235 - mmdet - INFO - Epoch [3][10/31]	lr: 3.571e-04, eta: 1:31:27, time: 24.377, data_time: 0.238, loss_rpn_cls: 0.0193, loss_rpn_bbox: 0.0114, loss_cls: 0.2010, acc: 89.7461, loss_bbox: 0.3710, loss_mask: 0.1286, loss: 0.7314
2023-02-09 01:41:47,681 - mmdet - INFO - Epoch [3][20/31]	lr: 4.071e-04, eta: 1:27:39, time: 23.146, data_time: 0.015, loss_rpn_cls: 0.0222, loss_rpn_bbox: 0.0099, loss_cls: 0.1828, acc: 90.3125, loss_bbox: 0.3493, loss_mask: 0.0923, loss: 0.6564
2023-02-09 01:45:40,401 - mmdet - INFO - Epoch [3][30/31]	lr: 4.570e-04, eta: 1:23:53, time: 23.272, data_time: 0.017, loss_rpn_cls: 0.0263, loss_rpn_bbox: 0.0145, loss_cls: 0.1718, acc: 91.2012, loss_bbox: 0.3453, loss_mask: 0.0953, loss: 0.6531
2023-02-09 01:47:05,541 - mmdet - INFO - Evaluating bbox...
2023-02-09 01:47:05,622 - mmdet - INFO - 
 Average Precision  (AP) @[ IoU=0.50:0.95 | area=   all | maxDets=100 ] = 0.633
 Average Precision  (AP) @[ IoU=0.50      | area=   all | maxDets=1000 ] = 0.791
 Average Precision  (AP) @[ IoU=0.75      | area=   all | maxDets=1000 ] = 0.703
 Average Precision  (AP) @[ IoU=0.50:0.95 | area= small | maxDets=1000 ] = 0.000
 Average Precision  (AP) @[ IoU=0.50:0.95 | area=medium | maxDets=1000 ] = 0.567
 Average Precision  (AP) @[ IoU=0.50:0.95 | area= large | maxDets=1000 ] = 0.717
 Average Recall     (AR) @[ IoU=0.50:0.95 | area=   all | maxDets=100 ] = 0.768
 Average Recall     (AR) @[ IoU=0.50:0.95 | area=   all | maxDets=300 ] = 0.768
 Average Recall     (AR) @[ IoU=0.50:0.95 | area=   all | maxDets=1000 ] = 0.768
 Average Recall     (AR) @[ IoU=0.50:0.95 | area= small | maxDets=1000 ] = 0.000
 Average Recall     (AR) @[ IoU=0.50:0.95 | area=medium | maxDets=1000 ] = 0.742
 Average Recall     (AR) @[ IoU=0.50:0.95 | area= large | maxDets=1000 ] = 0.819

2023-02-09 01:47:05,622 - mmdet - INFO - Evaluating segm...
2023-02-09 01:47:05,716 - mmdet - INFO - 
 Average Precision  (AP) @[ IoU=0.50:0.95 | area=   all | maxDets=100 ] = 0.723
 Average Precision  (AP) @[ IoU=0.50      | area=   all | maxDets=1000 ] = 0.787
 Average Precision  (AP) @[ IoU=0.75      | area=   all | maxDets=1000 ] = 0.786
 Average Precision  (AP) @[ IoU=0.50:0.95 | area= small | maxDets=1000 ] = 0.028
 Average Precision  (AP) @[ IoU=0.50:0.95 | area=medium | maxDets=1000 ] = 0.606
 Average Precision  (AP) @[ IoU=0.50:0.95 | area= large | maxDets=1000 ] = 0.813
 Average Recall     (AR) @[ IoU=0.50:0.95 | area=   all | maxDets=100 ] = 0.848
 Average Recall     (AR) @[ IoU=0.50:0.95 | area=   all | maxDets=300 ] = 0.848
 Average Recall     (AR) @[ IoU=0.50:0.95 | area=   all | maxDets=1000 ] = 0.848
 Average Recall     (AR) @[ IoU=0.50:0.95 | area= small | maxDets=1000 ] = 0.250
 Average Recall     (AR) @[ IoU=0.50:0.95 | area=medium | maxDets=1000 ] = 0.833
 Average Recall     (AR) @[ IoU=0.50:0.95 | area= large | maxDets=1000 ] = 0.886

2023-02-09 01:47:05,718 - mmdet - INFO - Exp name: balloon.py
2023-02-09 01:47:05,718 - mmdet - INFO - Epoch(val) [3][13]	bbox_mAP: 0.6334, bbox_mAP_50: 0.7913, bbox_mAP_75: 0.7034, bbox_mAP_s: 0.0000, bbox_mAP_m: 0.5668, bbox_mAP_l: 0.7169, bbox_mAP_copypaste: 0.6334 0.7913 0.7034 0.0000 0.5668 0.7169, segm_mAP: 0.7230, segm_mAP_50: 0.7868, segm_mAP_75: 0.7855, segm_mAP_s: 0.0281, segm_mAP_m: 0.6063, segm_mAP_l: 0.8135, segm_mAP_copypaste: 0.7230 0.7868 0.7855 0.0281 0.6063 0.8135
2023-02-09 01:51:01,925 - mmdet - INFO - Epoch [4][10/31]	lr: 5.120e-04, eta: 1:19:03, time: 23.619, data_time: 0.240, loss_rpn_cls: 0.0136, loss_rpn_bbox: 0.0097, loss_cls: 0.1331, acc: 94.2773, loss_bbox: 0.3165, loss_mask: 0.0878, loss: 0.5608
2023-02-09 01:54:56,611 - mmdet - INFO - Epoch [4][20/31]	lr: 5.619e-04, eta: 1:15:24, time: 23.469, data_time: 0.017, loss_rpn_cls: 0.0149, loss_rpn_bbox: 0.0137, loss_cls: 0.1426, acc: 95.2539, loss_bbox: 0.3690, loss_mask: 0.0880, loss: 0.6281
2023-02-09 01:58:49,774 - mmdet - INFO - Epoch [4][30/31]	lr: 6.119e-04, eta: 1:11:39, time: 23.316, data_time: 0.016, loss_rpn_cls: 0.0151, loss_rpn_bbox: 0.0114, loss_cls: 0.1164, acc: 96.5820, loss_bbox: 0.2882, loss_mask: 0.1336, loss: 0.5646
2023-02-09 02:00:07,031 - mmdet - INFO - Evaluating bbox...
2023-02-09 02:00:07,089 - mmdet - INFO - 
 Average Precision  (AP) @[ IoU=0.50:0.95 | area=   all | maxDets=100 ] = 0.702
 Average Precision  (AP) @[ IoU=0.50      | area=   all | maxDets=1000 ] = 0.862
 Average Precision  (AP) @[ IoU=0.75      | area=   all | maxDets=1000 ] = 0.810
 Average Precision  (AP) @[ IoU=0.50:0.95 | area= small | maxDets=1000 ] = 0.017
 Average Precision  (AP) @[ IoU=0.50:0.95 | area=medium | maxDets=1000 ] = 0.670
 Average Precision  (AP) @[ IoU=0.50:0.95 | area= large | maxDets=1000 ] = 0.755
 Average Recall     (AR) @[ IoU=0.50:0.95 | area=   all | maxDets=100 ] = 0.790
 Average Recall     (AR) @[ IoU=0.50:0.95 | area=   all | maxDets=300 ] = 0.790
 Average Recall     (AR) @[ IoU=0.50:0.95 | area=   all | maxDets=1000 ] = 0.790
 Average Recall     (AR) @[ IoU=0.50:0.95 | area= small | maxDets=1000 ] = 0.050
 Average Recall     (AR) @[ IoU=0.50:0.95 | area=medium | maxDets=1000 ] = 0.792
 Average Recall     (AR) @[ IoU=0.50:0.95 | area= large | maxDets=1000 ] = 0.831

2023-02-09 02:00:07,089 - mmdet - INFO - Evaluating segm...
2023-02-09 02:00:07,154 - mmdet - INFO - 
 Average Precision  (AP) @[ IoU=0.50:0.95 | area=   all | maxDets=100 ] = 0.774
 Average Precision  (AP) @[ IoU=0.50      | area=   all | maxDets=1000 ] = 0.853
 Average Precision  (AP) @[ IoU=0.75      | area=   all | maxDets=1000 ] = 0.852
 Average Precision  (AP) @[ IoU=0.50:0.95 | area= small | maxDets=1000 ] = 0.025
 Average Precision  (AP) @[ IoU=0.50:0.95 | area=medium | maxDets=1000 ] = 0.697
 Average Precision  (AP) @[ IoU=0.50:0.95 | area= large | maxDets=1000 ] = 0.833
 Average Recall     (AR) @[ IoU=0.50:0.95 | area=   all | maxDets=100 ] = 0.848
 Average Recall     (AR) @[ IoU=0.50:0.95 | area=   all | maxDets=300 ] = 0.848
 Average Recall     (AR) @[ IoU=0.50:0.95 | area=   all | maxDets=1000 ] = 0.848
 Average Recall     (AR) @[ IoU=0.50:0.95 | area= small | maxDets=1000 ] = 0.250
 Average Recall     (AR) @[ IoU=0.50:0.95 | area=medium | maxDets=1000 ] = 0.842
 Average Recall     (AR) @[ IoU=0.50:0.95 | area= large | maxDets=1000 ] = 0.883

2023-02-09 02:00:07,155 - mmdet - INFO - Exp name: balloon.py
2023-02-09 02:00:07,155 - mmdet - INFO - Epoch(val) [4][13]	bbox_mAP: 0.7020, bbox_mAP_50: 0.8621, bbox_mAP_75: 0.8102, bbox_mAP_s: 0.0168, bbox_mAP_m: 0.6701, bbox_mAP_l: 0.7547, bbox_mAP_copypaste: 0.7020 0.8621 0.8102 0.0168 0.6701 0.7547, segm_mAP: 0.7744, segm_mAP_50: 0.8531, segm_mAP_75: 0.8515, segm_mAP_s: 0.0252, segm_mAP_m: 0.6967, segm_mAP_l: 0.8329, segm_mAP_copypaste: 0.7744 0.8531 0.8515 0.0252 0.6967 0.8329
2023-02-09 02:04:10,478 - mmdet - INFO - Epoch [5][10/31]	lr: 6.668e-04, eta: 1:07:14, time: 24.331, data_time: 0.243, loss_rpn_cls: 0.0109, loss_rpn_bbox: 0.0106, loss_cls: 0.1030, acc: 96.6992, loss_bbox: 0.2701, loss_mask: 0.1121, loss: 0.5067
2023-02-09 02:08:04,088 - mmdet - INFO - Epoch [5][20/31]	lr: 7.168e-04, eta: 1:03:30, time: 23.361, data_time: 0.015, loss_rpn_cls: 0.0080, loss_rpn_bbox: 0.0123, loss_cls: 0.0816, acc: 97.0898, loss_bbox: 0.1550, loss_mask: 0.1172, loss: 0.3741
2023-02-09 02:11:57,536 - mmdet - INFO - Epoch [5][30/31]	lr: 7.667e-04, eta: 0:59:44, time: 23.345, data_time: 0.015, loss_rpn_cls: 0.0097, loss_rpn_bbox: 0.0096, loss_cls: 0.0690, acc: 97.5879, loss_bbox: 0.1031, loss_mask: 0.0736, loss: 0.2650
2023-02-09 02:12:20,570 - mmdet - INFO - Saving checkpoint at 5 epochs
2023-02-09 02:13:09,938 - mmdet - INFO - Evaluating bbox...
2023-02-09 02:13:09,971 - mmdet - INFO - 
 Average Precision  (AP) @[ IoU=0.50:0.95 | area=   all | maxDets=100 ] = 0.726
 Average Precision  (AP) @[ IoU=0.50      | area=   all | maxDets=1000 ] = 0.889
 Average Precision  (AP) @[ IoU=0.75      | area=   all | maxDets=1000 ] = 0.841
 Average Precision  (AP) @[ IoU=0.50:0.95 | area= small | maxDets=1000 ] = 0.202
 Average Precision  (AP) @[ IoU=0.50:0.95 | area=medium | maxDets=1000 ] = 0.644
 Average Precision  (AP) @[ IoU=0.50:0.95 | area= large | maxDets=1000 ] = 0.789
 Average Recall     (AR) @[ IoU=0.50:0.95 | area=   all | maxDets=100 ] = 0.778
 Average Recall     (AR) @[ IoU=0.50:0.95 | area=   all | maxDets=300 ] = 0.778
 Average Recall     (AR) @[ IoU=0.50:0.95 | area=   all | maxDets=1000 ] = 0.778
 Average Recall     (AR) @[ IoU=0.50:0.95 | area= small | maxDets=1000 ] = 0.200
 Average Recall     (AR) @[ IoU=0.50:0.95 | area=medium | maxDets=1000 ] = 0.725
 Average Recall     (AR) @[ IoU=0.50:0.95 | area= large | maxDets=1000 ] = 0.828

2023-02-09 02:13:09,972 - mmdet - INFO - Evaluating segm...
2023-02-09 02:13:10,005 - mmdet - INFO - 
 Average Precision  (AP) @[ IoU=0.50:0.95 | area=   all | maxDets=100 ] = 0.789
 Average Precision  (AP) @[ IoU=0.50      | area=   all | maxDets=1000 ] = 0.871
 Average Precision  (AP) @[ IoU=0.75      | area=   all | maxDets=1000 ] = 0.865
 Average Precision  (AP) @[ IoU=0.50:0.95 | area= small | maxDets=1000 ] = 0.029
 Average Precision  (AP) @[ IoU=0.50:0.95 | area=medium | maxDets=1000 ] = 0.672
 Average Precision  (AP) @[ IoU=0.50:0.95 | area= large | maxDets=1000 ] = 0.854
 Average Recall     (AR) @[ IoU=0.50:0.95 | area=   all | maxDets=100 ] = 0.830
 Average Recall     (AR) @[ IoU=0.50:0.95 | area=   all | maxDets=300 ] = 0.830
 Average Recall     (AR) @[ IoU=0.50:0.95 | area=   all | maxDets=1000 ] = 0.830
 Average Recall     (AR) @[ IoU=0.50:0.95 | area= small | maxDets=1000 ] = 0.200
 Average Recall     (AR) @[ IoU=0.50:0.95 | area=medium | maxDets=1000 ] = 0.775
 Average Recall     (AR) @[ IoU=0.50:0.95 | area= large | maxDets=1000 ] = 0.883

2023-02-09 02:13:10,006 - mmdet - INFO - Exp name: balloon.py
2023-02-09 02:13:10,006 - mmdet - INFO - Epoch(val) [5][13]	bbox_mAP: 0.7262, bbox_mAP_50: 0.8887, bbox_mAP_75: 0.8409, bbox_mAP_s: 0.2020, bbox_mAP_m: 0.6438, bbox_mAP_l: 0.7891, bbox_mAP_copypaste: 0.7262 0.8887 0.8409 0.2020 0.6438 0.7891, segm_mAP: 0.7889, segm_mAP_50: 0.8712, segm_mAP_75: 0.8652, segm_mAP_s: 0.0289, segm_mAP_m: 0.6724, segm_mAP_l: 0.8544, segm_mAP_copypaste: 0.7889 0.8712 0.8652 0.0289 0.6724 0.8544
2023-02-09 02:17:08,057 - mmdet - INFO - Epoch [6][10/31]	lr: 8.217e-04, eta: 0:55:18, time: 23.804, data_time: 0.243, loss_rpn_cls: 0.0077, loss_rpn_bbox: 0.0066, loss_cls: 0.0616, acc: 97.7441, loss_bbox: 0.0997, loss_mask: 0.0839, loss: 0.2595
2023-02-09 02:21:03,064 - mmdet - INFO - Epoch [6][20/31]	lr: 8.716e-04, eta: 0:51:34, time: 23.501, data_time: 0.015, loss_rpn_cls: 0.0047, loss_rpn_bbox: 0.0089, loss_cls: 0.0792, acc: 96.9336, loss_bbox: 0.1158, loss_mask: 0.1000, loss: 0.3086
2023-02-09 02:25:03,541 - mmdet - INFO - Epoch [6][30/31]	lr: 9.216e-04, eta: 0:47:53, time: 24.048, data_time: 0.016, loss_rpn_cls: 0.0127, loss_rpn_bbox: 0.0135, loss_cls: 0.0711, acc: 97.4023, loss_bbox: 0.1025, loss_mask: 0.0852, loss: 0.2850
2023-02-09 02:26:17,218 - mmdet - INFO - Evaluating bbox...
2023-02-09 02:26:17,246 - mmdet - INFO - 
 Average Precision  (AP) @[ IoU=0.50:0.95 | area=   all | maxDets=100 ] = 0.780
 Average Precision  (AP) @[ IoU=0.50      | area=   all | maxDets=1000 ] = 0.908
 Average Precision  (AP) @[ IoU=0.75      | area=   all | maxDets=1000 ] = 0.881
 Average Precision  (AP) @[ IoU=0.50:0.95 | area= small | maxDets=1000 ] = 0.126
 Average Precision  (AP) @[ IoU=0.50:0.95 | area=medium | maxDets=1000 ] = 0.680
 Average Precision  (AP) @[ IoU=0.50:0.95 | area= large | maxDets=1000 ] = 0.842
 Average Recall     (AR) @[ IoU=0.50:0.95 | area=   all | maxDets=100 ] = 0.832
 Average Recall     (AR) @[ IoU=0.50:0.95 | area=   all | maxDets=300 ] = 0.832
 Average Recall     (AR) @[ IoU=0.50:0.95 | area=   all | maxDets=1000 ] = 0.832
 Average Recall     (AR) @[ IoU=0.50:0.95 | area= small | maxDets=1000 ] = 0.250
 Average Recall     (AR) @[ IoU=0.50:0.95 | area=medium | maxDets=1000 ] = 0.792
 Average Recall     (AR) @[ IoU=0.50:0.95 | area= large | maxDets=1000 ] = 0.878

2023-02-09 02:26:17,246 - mmdet - INFO - Evaluating segm...
2023-02-09 02:26:17,273 - mmdet - INFO - 
 Average Precision  (AP) @[ IoU=0.50:0.95 | area=   all | maxDets=100 ] = 0.823
 Average Precision  (AP) @[ IoU=0.50      | area=   all | maxDets=1000 ] = 0.886
 Average Precision  (AP) @[ IoU=0.75      | area=   all | maxDets=1000 ] = 0.882
 Average Precision  (AP) @[ IoU=0.50:0.95 | area= small | maxDets=1000 ] = 0.022
 Average Precision  (AP) @[ IoU=0.50:0.95 | area=medium | maxDets=1000 ] = 0.709
 Average Precision  (AP) @[ IoU=0.50:0.95 | area= large | maxDets=1000 ] = 0.886
 Average Recall     (AR) @[ IoU=0.50:0.95 | area=   all | maxDets=100 ] = 0.864
 Average Recall     (AR) @[ IoU=0.50:0.95 | area=   all | maxDets=300 ] = 0.864
 Average Recall     (AR) @[ IoU=0.50:0.95 | area=   all | maxDets=1000 ] = 0.864
 Average Recall     (AR) @[ IoU=0.50:0.95 | area= small | maxDets=1000 ] = 0.200
 Average Recall     (AR) @[ IoU=0.50:0.95 | area=medium | maxDets=1000 ] = 0.842
 Average Recall     (AR) @[ IoU=0.50:0.95 | area= large | maxDets=1000 ] = 0.908

2023-02-09 02:26:17,274 - mmdet - INFO - Exp name: balloon.py
2023-02-09 02:26:17,274 - mmdet - INFO - Epoch(val) [6][13]	bbox_mAP: 0.7801, bbox_mAP_50: 0.9075, bbox_mAP_75: 0.8808, bbox_mAP_s: 0.1262, bbox_mAP_m: 0.6803, bbox_mAP_l: 0.8420, bbox_mAP_copypaste: 0.7801 0.9075 0.8808 0.1262 0.6803 0.8420, segm_mAP: 0.8231, segm_mAP_50: 0.8856, segm_mAP_75: 0.8824, segm_mAP_s: 0.0224, segm_mAP_m: 0.7090, segm_mAP_l: 0.8863, segm_mAP_copypaste: 0.8231 0.8856 0.8824 0.0224 0.7090 0.8863
2023-02-09 02:30:12,164 - mmdet - INFO - Epoch [7][10/31]	lr: 9.765e-04, eta: 0:43:29, time: 23.488, data_time: 0.238, loss_rpn_cls: 0.0056, loss_rpn_bbox: 0.0105, loss_cls: 0.0605, acc: 97.6758, loss_bbox: 0.0849, loss_mask: 0.0776, loss: 0.2391
2023-02-09 02:34:03,712 - mmdet - INFO - Epoch [7][20/31]	lr: 1.026e-03, eta: 0:39:42, time: 23.155, data_time: 0.017, loss_rpn_cls: 0.0078, loss_rpn_bbox: 0.0087, loss_cls: 0.0597, acc: 97.9883, loss_bbox: 0.0828, loss_mask: 0.0771, loss: 0.2360
2023-02-09 02:38:04,851 - mmdet - INFO - Epoch [7][30/31]	lr: 1.076e-03, eta: 0:35:58, time: 24.114, data_time: 0.020, loss_rpn_cls: 0.0068, loss_rpn_bbox: 0.0086, loss_cls: 0.0683, acc: 97.6367, loss_bbox: 0.1022, loss_mask: 0.0778, loss: 0.2638
2023-02-09 02:39:15,478 - mmdet - INFO - Evaluating bbox...
2023-02-09 02:39:15,505 - mmdet - INFO - 
 Average Precision  (AP) @[ IoU=0.50:0.95 | area=   all | maxDets=100 ] = 0.789
 Average Precision  (AP) @[ IoU=0.50      | area=   all | maxDets=1000 ] = 0.898
 Average Precision  (AP) @[ IoU=0.75      | area=   all | maxDets=1000 ] = 0.870
 Average Precision  (AP) @[ IoU=0.50:0.95 | area= small | maxDets=1000 ] = 0.126
 Average Precision  (AP) @[ IoU=0.50:0.95 | area=medium | maxDets=1000 ] = 0.701
 Average Precision  (AP) @[ IoU=0.50:0.95 | area= large | maxDets=1000 ] = 0.854
 Average Recall     (AR) @[ IoU=0.50:0.95 | area=   all | maxDets=100 ] = 0.832
 Average Recall     (AR) @[ IoU=0.50:0.95 | area=   all | maxDets=300 ] = 0.832
 Average Recall     (AR) @[ IoU=0.50:0.95 | area=   all | maxDets=1000 ] = 0.832
 Average Recall     (AR) @[ IoU=0.50:0.95 | area= small | maxDets=1000 ] = 0.250
 Average Recall     (AR) @[ IoU=0.50:0.95 | area=medium | maxDets=1000 ] = 0.775
 Average Recall     (AR) @[ IoU=0.50:0.95 | area= large | maxDets=1000 ] = 0.883

2023-02-09 02:39:15,505 - mmdet - INFO - Evaluating segm...
2023-02-09 02:39:15,531 - mmdet - INFO - 
 Average Precision  (AP) @[ IoU=0.50:0.95 | area=   all | maxDets=100 ] = 0.812
 Average Precision  (AP) @[ IoU=0.50      | area=   all | maxDets=1000 ] = 0.881
 Average Precision  (AP) @[ IoU=0.75      | area=   all | maxDets=1000 ] = 0.875
 Average Precision  (AP) @[ IoU=0.50:0.95 | area= small | maxDets=1000 ] = 0.017
 Average Precision  (AP) @[ IoU=0.50:0.95 | area=medium | maxDets=1000 ] = 0.683
 Average Precision  (AP) @[ IoU=0.50:0.95 | area= large | maxDets=1000 ] = 0.878
 Average Recall     (AR) @[ IoU=0.50:0.95 | area=   all | maxDets=100 ] = 0.846
 Average Recall     (AR) @[ IoU=0.50:0.95 | area=   all | maxDets=300 ] = 0.846
 Average Recall     (AR) @[ IoU=0.50:0.95 | area=   all | maxDets=1000 ] = 0.846
 Average Recall     (AR) @[ IoU=0.50:0.95 | area= small | maxDets=1000 ] = 0.250
 Average Recall     (AR) @[ IoU=0.50:0.95 | area=medium | maxDets=1000 ] = 0.783
 Average Recall     (AR) @[ IoU=0.50:0.95 | area= large | maxDets=1000 ] = 0.900

2023-02-09 02:39:15,531 - mmdet - INFO - Exp name: balloon.py
2023-02-09 02:39:15,531 - mmdet - INFO - Epoch(val) [7][13]	bbox_mAP: 0.7892, bbox_mAP_50: 0.8983, bbox_mAP_75: 0.8700, bbox_mAP_s: 0.1262, bbox_mAP_m: 0.7015, bbox_mAP_l: 0.8537, bbox_mAP_copypaste: 0.7892 0.8983 0.8700 0.1262 0.7015 0.8537, segm_mAP: 0.8122, segm_mAP_50: 0.8810, segm_mAP_75: 0.8747, segm_mAP_s: 0.0168, segm_mAP_m: 0.6832, segm_mAP_l: 0.8776, segm_mAP_copypaste: 0.8122 0.8810 0.8747 0.0168 0.6832 0.8776
2023-02-09 02:43:17,570 - mmdet - INFO - Epoch [8][10/31]	lr: 1.131e-03, eta: 0:31:41, time: 24.202, data_time: 0.241, loss_rpn_cls: 0.0063, loss_rpn_bbox: 0.0082, loss_cls: 0.0632, acc: 97.7539, loss_bbox: 0.0771, loss_mask: 0.0756, loss: 0.2304
2023-02-09 02:47:13,599 - mmdet - INFO - Epoch [8][20/31]	lr: 1.181e-03, eta: 0:27:54, time: 23.604, data_time: 0.020, loss_rpn_cls: 0.0077, loss_rpn_bbox: 0.0126, loss_cls: 0.0637, acc: 97.9004, loss_bbox: 0.0832, loss_mask: 0.0816, loss: 0.2489
2023-02-09 02:51:06,005 - mmdet - INFO - Epoch [8][30/31]	lr: 1.231e-03, eta: 0:24:06, time: 23.241, data_time: 0.011, loss_rpn_cls: 0.0036, loss_rpn_bbox: 0.0072, loss_cls: 0.0474, acc: 98.2324, loss_bbox: 0.0704, loss_mask: 0.0694, loss: 0.1980
2023-02-09 02:52:19,050 - mmdet - INFO - Evaluating bbox...
2023-02-09 02:52:19,076 - mmdet - INFO - 
 Average Precision  (AP) @[ IoU=0.50:0.95 | area=   all | maxDets=100 ] = 0.773
 Average Precision  (AP) @[ IoU=0.50      | area=   all | maxDets=1000 ] = 0.892
 Average Precision  (AP) @[ IoU=0.75      | area=   all | maxDets=1000 ] = 0.868
 Average Precision  (AP) @[ IoU=0.50:0.95 | area= small | maxDets=1000 ] = 0.000
 Average Precision  (AP) @[ IoU=0.50:0.95 | area=medium | maxDets=1000 ] = 0.660
 Average Precision  (AP) @[ IoU=0.50:0.95 | area= large | maxDets=1000 ] = 0.843
 Average Recall     (AR) @[ IoU=0.50:0.95 | area=   all | maxDets=100 ] = 0.818
 Average Recall     (AR) @[ IoU=0.50:0.95 | area=   all | maxDets=300 ] = 0.818
 Average Recall     (AR) @[ IoU=0.50:0.95 | area=   all | maxDets=1000 ] = 0.818
 Average Recall     (AR) @[ IoU=0.50:0.95 | area= small | maxDets=1000 ] = 0.000
 Average Recall     (AR) @[ IoU=0.50:0.95 | area=medium | maxDets=1000 ] = 0.758
 Average Recall     (AR) @[ IoU=0.50:0.95 | area= large | maxDets=1000 ] = 0.883

2023-02-09 02:52:19,076 - mmdet - INFO - Evaluating segm...
2023-02-09 02:52:19,099 - mmdet - INFO - 
 Average Precision  (AP) @[ IoU=0.50:0.95 | area=   all | maxDets=100 ] = 0.807
 Average Precision  (AP) @[ IoU=0.50      | area=   all | maxDets=1000 ] = 0.871
 Average Precision  (AP) @[ IoU=0.75      | area=   all | maxDets=1000 ] = 0.871
 Average Precision  (AP) @[ IoU=0.50:0.95 | area= small | maxDets=1000 ] = 0.000
 Average Precision  (AP) @[ IoU=0.50:0.95 | area=medium | maxDets=1000 ] = 0.674
 Average Precision  (AP) @[ IoU=0.50:0.95 | area= large | maxDets=1000 ] = 0.874
 Average Recall     (AR) @[ IoU=0.50:0.95 | area=   all | maxDets=100 ] = 0.838
 Average Recall     (AR) @[ IoU=0.50:0.95 | area=   all | maxDets=300 ] = 0.838
 Average Recall     (AR) @[ IoU=0.50:0.95 | area=   all | maxDets=1000 ] = 0.838
 Average Recall     (AR) @[ IoU=0.50:0.95 | area= small | maxDets=1000 ] = 0.000
 Average Recall     (AR) @[ IoU=0.50:0.95 | area=medium | maxDets=1000 ] = 0.792
 Average Recall     (AR) @[ IoU=0.50:0.95 | area= large | maxDets=1000 ] = 0.900

2023-02-09 02:52:19,100 - mmdet - INFO - Exp name: balloon.py
2023-02-09 02:52:19,100 - mmdet - INFO - Epoch(val) [8][13]	bbox_mAP: 0.7728, bbox_mAP_50: 0.8918, bbox_mAP_75: 0.8682, bbox_mAP_s: 0.0000, bbox_mAP_m: 0.6599, bbox_mAP_l: 0.8429, bbox_mAP_copypaste: 0.7728 0.8918 0.8682 0.0000 0.6599 0.8429, segm_mAP: 0.8070, segm_mAP_50: 0.8711, segm_mAP_75: 0.8711, segm_mAP_s: 0.0000, segm_mAP_m: 0.6741, segm_mAP_l: 0.8742, segm_mAP_copypaste: 0.8070 0.8711 0.8711 0.0000 0.6741 0.8742
2023-02-09 02:56:17,291 - mmdet - INFO - Epoch [9][10/31]	lr: 1.286e-03, eta: 0:19:50, time: 23.818, data_time: 0.250, loss_rpn_cls: 0.0031, loss_rpn_bbox: 0.0060, loss_cls: 0.0433, acc: 98.4473, loss_bbox: 0.0654, loss_mask: 0.0615, loss: 0.1792
2023-02-09 03:00:06,158 - mmdet - INFO - Epoch [9][20/31]	lr: 1.336e-03, eta: 0:16:01, time: 22.887, data_time: 0.013, loss_rpn_cls: 0.0046, loss_rpn_bbox: 0.0054, loss_cls: 0.0383, acc: 98.6230, loss_bbox: 0.0616, loss_mask: 0.0620, loss: 0.1718
2023-02-09 03:04:07,879 - mmdet - INFO - Epoch [9][30/31]	lr: 1.386e-03, eta: 0:12:14, time: 24.172, data_time: 0.019, loss_rpn_cls: 0.0023, loss_rpn_bbox: 0.0130, loss_cls: 0.0698, acc: 97.3926, loss_bbox: 0.0887, loss_mask: 0.0819, loss: 0.2557
2023-02-09 03:05:19,100 - mmdet - INFO - Evaluating bbox...
2023-02-09 03:05:19,126 - mmdet - INFO - 
 Average Precision  (AP) @[ IoU=0.50:0.95 | area=   all | maxDets=100 ] = 0.765
 Average Precision  (AP) @[ IoU=0.50      | area=   all | maxDets=1000 ] = 0.897
 Average Precision  (AP) @[ IoU=0.75      | area=   all | maxDets=1000 ] = 0.853
 Average Precision  (AP) @[ IoU=0.50:0.95 | area= small | maxDets=1000 ] = 0.000
 Average Precision  (AP) @[ IoU=0.50:0.95 | area=medium | maxDets=1000 ] = 0.689
 Average Precision  (AP) @[ IoU=0.50:0.95 | area= large | maxDets=1000 ] = 0.826
 Average Recall     (AR) @[ IoU=0.50:0.95 | area=   all | maxDets=100 ] = 0.806
 Average Recall     (AR) @[ IoU=0.50:0.95 | area=   all | maxDets=300 ] = 0.806
 Average Recall     (AR) @[ IoU=0.50:0.95 | area=   all | maxDets=1000 ] = 0.806
 Average Recall     (AR) @[ IoU=0.50:0.95 | area= small | maxDets=1000 ] = 0.000
 Average Recall     (AR) @[ IoU=0.50:0.95 | area=medium | maxDets=1000 ] = 0.750
 Average Recall     (AR) @[ IoU=0.50:0.95 | area= large | maxDets=1000 ] = 0.869

2023-02-09 03:05:19,127 - mmdet - INFO - Evaluating segm...
2023-02-09 03:05:19,151 - mmdet - INFO - 
 Average Precision  (AP) @[ IoU=0.50:0.95 | area=   all | maxDets=100 ] = 0.810
 Average Precision  (AP) @[ IoU=0.50      | area=   all | maxDets=1000 ] = 0.876
 Average Precision  (AP) @[ IoU=0.75      | area=   all | maxDets=1000 ] = 0.876
 Average Precision  (AP) @[ IoU=0.50:0.95 | area= small | maxDets=1000 ] = 0.000
 Average Precision  (AP) @[ IoU=0.50:0.95 | area=medium | maxDets=1000 ] = 0.699
 Average Precision  (AP) @[ IoU=0.50:0.95 | area= large | maxDets=1000 ] = 0.877
 Average Recall     (AR) @[ IoU=0.50:0.95 | area=   all | maxDets=100 ] = 0.836
 Average Recall     (AR) @[ IoU=0.50:0.95 | area=   all | maxDets=300 ] = 0.836
 Average Recall     (AR) @[ IoU=0.50:0.95 | area=   all | maxDets=1000 ] = 0.836
 Average Recall     (AR) @[ IoU=0.50:0.95 | area= small | maxDets=1000 ] = 0.000
 Average Recall     (AR) @[ IoU=0.50:0.95 | area=medium | maxDets=1000 ] = 0.775
 Average Recall     (AR) @[ IoU=0.50:0.95 | area= large | maxDets=1000 ] = 0.903

2023-02-09 03:05:19,151 - mmdet - INFO - Exp name: balloon.py
2023-02-09 03:05:19,151 - mmdet - INFO - Epoch(val) [9][13]	bbox_mAP: 0.7647, bbox_mAP_50: 0.8967, bbox_mAP_75: 0.8534, bbox_mAP_s: 0.0000, bbox_mAP_m: 0.6885, bbox_mAP_l: 0.8265, bbox_mAP_copypaste: 0.7647 0.8967 0.8534 0.0000 0.6885 0.8265, segm_mAP: 0.8101, segm_mAP_50: 0.8759, segm_mAP_75: 0.8759, segm_mAP_s: 0.0000, segm_mAP_m: 0.6987, segm_mAP_l: 0.8770, segm_mAP_copypaste: 0.8101 0.8759 0.8759 0.0000 0.6987 0.8770
2023-02-09 03:09:13,084 - mmdet - INFO - Epoch [10][10/31]	lr: 1.441e-03, eta: 0:08:00, time: 23.392, data_time: 0.244, loss_rpn_cls: 0.0026, loss_rpn_bbox: 0.0081, loss_cls: 0.0397, acc: 98.5352, loss_bbox: 0.0600, loss_mask: 0.0594, loss: 0.1698
2023-02-09 03:13:15,582 - mmdet - INFO - Epoch [10][20/31]	lr: 1.491e-03, eta: 0:04:12, time: 24.250, data_time: 0.016, loss_rpn_cls: 0.0028, loss_rpn_bbox: 0.0091, loss_cls: 0.0512, acc: 98.2422, loss_bbox: 0.0877, loss_mask: 0.0747, loss: 0.2255
2023-02-09 03:16:56,844 - mmdet - INFO - Epoch [10][30/31]	lr: 1.541e-03, eta: 0:00:22, time: 22.126, data_time: 0.013, loss_rpn_cls: 0.0028, loss_rpn_bbox: 0.0082, loss_cls: 0.0437, acc: 98.2715, loss_bbox: 0.0574, loss_mask: 0.0643, loss: 0.1764
2023-02-09 03:17:24,764 - mmdet - INFO - Saving checkpoint at 10 epochs
2023-02-09 03:18:12,567 - mmdet - INFO - Evaluating bbox...
2023-02-09 03:18:12,590 - mmdet - INFO - 
 Average Precision  (AP) @[ IoU=0.50:0.95 | area=   all | maxDets=100 ] = 0.742
 Average Precision  (AP) @[ IoU=0.50      | area=   all | maxDets=1000 ] = 0.890
 Average Precision  (AP) @[ IoU=0.75      | area=   all | maxDets=1000 ] = 0.848
 Average Precision  (AP) @[ IoU=0.50:0.95 | area= small | maxDets=1000 ] = 0.000
 Average Precision  (AP) @[ IoU=0.50:0.95 | area=medium | maxDets=1000 ] = 0.645
 Average Precision  (AP) @[ IoU=0.50:0.95 | area= large | maxDets=1000 ] = 0.808
 Average Recall     (AR) @[ IoU=0.50:0.95 | area=   all | maxDets=100 ] = 0.786
 Average Recall     (AR) @[ IoU=0.50:0.95 | area=   all | maxDets=300 ] = 0.786
 Average Recall     (AR) @[ IoU=0.50:0.95 | area=   all | maxDets=1000 ] = 0.786
 Average Recall     (AR) @[ IoU=0.50:0.95 | area= small | maxDets=1000 ] = 0.000
 Average Recall     (AR) @[ IoU=0.50:0.95 | area=medium | maxDets=1000 ] = 0.733
 Average Recall     (AR) @[ IoU=0.50:0.95 | area= large | maxDets=1000 ] = 0.847

2023-02-09 03:18:12,590 - mmdet - INFO - Evaluating segm...
2023-02-09 03:18:12,610 - mmdet - INFO - 
 Average Precision  (AP) @[ IoU=0.50:0.95 | area=   all | maxDets=100 ] = 0.791
 Average Precision  (AP) @[ IoU=0.50      | area=   all | maxDets=1000 ] = 0.890
 Average Precision  (AP) @[ IoU=0.75      | area=   all | maxDets=1000 ] = 0.869
 Average Precision  (AP) @[ IoU=0.50:0.95 | area= small | maxDets=1000 ] = 0.000
 Average Precision  (AP) @[ IoU=0.50:0.95 | area=medium | maxDets=1000 ] = 0.656
 Average Precision  (AP) @[ IoU=0.50:0.95 | area= large | maxDets=1000 ] = 0.862
 Average Recall     (AR) @[ IoU=0.50:0.95 | area=   all | maxDets=100 ] = 0.824
 Average Recall     (AR) @[ IoU=0.50:0.95 | area=   all | maxDets=300 ] = 0.824
 Average Recall     (AR) @[ IoU=0.50:0.95 | area=   all | maxDets=1000 ] = 0.824
 Average Recall     (AR) @[ IoU=0.50:0.95 | area= small | maxDets=1000 ] = 0.000
 Average Recall     (AR) @[ IoU=0.50:0.95 | area=medium | maxDets=1000 ] = 0.758
 Average Recall     (AR) @[ IoU=0.50:0.95 | area= large | maxDets=1000 ] = 0.892

2023-02-09 03:18:12,611 - mmdet - INFO - Exp name: balloon.py
2023-02-09 03:18:12,611 - mmdet - INFO - Epoch(val) [10][13]	bbox_mAP: 0.7419, bbox_mAP_50: 0.8897, bbox_mAP_75: 0.8482, bbox_mAP_s: 0.0000, bbox_mAP_m: 0.6448, bbox_mAP_l: 0.8083, bbox_mAP_copypaste: 0.7419 0.8897 0.8482 0.0000 0.6448 0.8083, segm_mAP: 0.7908, segm_mAP_50: 0.8897, segm_mAP_75: 0.8687, segm_mAP_s: 0.0000, segm_mAP_m: 0.6563, segm_mAP_l: 0.8622, segm_mAP_copypaste: 0.7908 0.8897 0.8687 0.0000 0.6563 0.8622
